2026-03-05 09:07:01,217 - INFO - Starting Open-Source RAG Dataset Downloader...
2026-03-05 09:07:01,218 - INFO - Downloading CUAD Legal Contracts Dataset from https://zenodo.org/record/4595826/files/CUAD_v1.zip ... This may take a moment (~15MB compressed).
2026-03-05 09:07:02,468 - ERROR - Failed to download CUAD dataset: 403 Client Error: Forbidden for url: https://zenodo.org/record/4595826/files/CUAD_v1.zip
2026-03-05 09:07:02,470 - INFO - Installing sec-edgar-downloader for Finance reports...
2026-03-05 09:07:07,248 - INFO - Initializing default bucket(InMemoryBucket) with rates: [limit=10/1000]
2026-03-05 09:07:09,482 - INFO - Downloading SEC 10-K (Annual Reports) for Top 10 Tech/Finance companies...
2026-03-05 09:07:09,483 - INFO - Fetching 10-K for AAPL...
2026-03-05 09:07:13,638 - INFO - Fetching 10-K for MSFT...
2026-03-05 09:07:18,412 - INFO - Fetching 10-K for GOOGL...
2026-03-05 09:07:22,754 - INFO - Fetching 10-K for AMZN...
2026-03-05 09:07:26,415 - INFO - Fetching 10-K for TSLA...
2026-03-05 09:07:29,406 - INFO - Fetching 10-K for META...
2026-03-05 09:07:32,973 - INFO - Fetching 10-K for NVDA...
2026-03-05 09:07:36,046 - INFO - Fetching 10-K for BRK-B...
2026-03-05 09:07:39,424 - INFO - Fetching 10-K for JPM...
2026-03-05 09:07:44,076 - INFO - Fetching 10-K for V...
2026-03-05 09:07:48,763 - INFO - Finance documents downloaded successfully.
2026-03-05 09:07:48,775 - INFO - Downloading Tax Document: Publication_17_Your_Federal_Income_Tax.pdf
2026-03-05 09:07:53,387 - INFO - Downloading Tax Document: Publication_334_Tax_Guide_for_Small_Business.pdf
2026-03-05 09:07:57,235 - INFO - Downloading Tax Document: Publication_505_Tax_Withholding.pdf
2026-03-05 09:08:01,110 - INFO - Downloading Tax Document: Publication_525_Taxable_and_Nontaxable_Income.pdf
2026-03-05 09:08:04,891 - INFO - Downloading Tax Document: Publication_590_A_IRAs.pdf
2026-03-05 09:08:08,671 - INFO - IRS Tax documents downloaded successfully.
2026-03-05 09:08:08,673 - INFO - All domain datasets downloaded properly. Your data/raw/ directory is now ready for RAG ingestion!
