2026-03-05 09:38:26,030 - INFO - Starting Comprehensive Missing-Document Downloader...
2026-03-05 09:38:26,031 - INFO - This script downloads ONLY what is missing.

2026-03-05 09:38:26,032 - INFO - === Enriching Tax Acts with full PDFs from India Code ===
2026-03-05 09:38:26,034 - INFO -  Downloading: Income_Tax_Act_1961_Full.pdf
2026-03-05 09:38:26,574 - WARNING -   ✗ HTTP 302 for https://www.indiacode.nic.in/bitstream/123456789/2255/1/A1961-43.pdf
2026-03-05 09:38:27,579 - INFO -  Downloading: Central_GST_Act_2017_Full.pdf
2026-03-05 09:38:27,999 - WARNING -   ✗ HTTP 302 for https://www.indiacode.nic.in/bitstream/123456789/13099/1/gst_principal_act_2017.pdf
2026-03-05 09:38:29,005 - INFO -  Downloading: Wealth_Tax_Act_1957_Full.pdf
2026-03-05 09:38:29,480 - WARNING -   ✗ HTTP 302 for https://www.indiacode.nic.in/bitstream/123456789/2256/1/A1957-27.pdf
2026-03-05 09:38:30,500 - INFO -  Downloading: Integrated_GST_Act_2017_Full.pdf
2026-03-05 09:38:30,899 - WARNING -   ✗ HTTP 302 for https://www.indiacode.nic.in/bitstream/123456789/13100/1/igst_principal_act_2017.pdf
2026-03-05 09:38:31,904 - INFO -  Downloading: Direct_Tax_Vivad_Se_Vishwas_Act_2020_Full.pdf
2026-03-05 09:38:32,274 - WARNING -   ✗ HTTP 302 for https://www.indiacode.nic.in/bitstream/123456789/10011/1/2020_7_eng.pdf
2026-03-05 09:38:36,657 - INFO - Enriching act stub files with full text from HuggingFace Indian-Laws dataset...
2026-03-05 09:38:37,830 - INFO - HTTP Request: HEAD https://huggingface.co/datasets/mratanusarkar/Indian-Laws/resolve/main/README.md "HTTP/1.1 307 Temporary Redirect"
2026-03-05 09:38:37,889 - INFO - HTTP Request: HEAD https://huggingface.co/api/resolve-cache/datasets/mratanusarkar/Indian-Laws/46e97a9abe88585bb678ec041374c7f756f98c23/README.md "HTTP/1.1 200 OK"
2026-03-05 09:38:38,189 - INFO - HTTP Request: HEAD https://huggingface.co/datasets/mratanusarkar/Indian-Laws/resolve/46e97a9abe88585bb678ec041374c7f756f98c23/Indian-Laws.py "HTTP/1.1 404 Not Found"
2026-03-05 09:38:39,019 - INFO - HTTP Request: HEAD https://s3.amazonaws.com/datasets.huggingface.co/datasets/datasets/mratanusarkar/Indian-Laws/mratanusarkar/Indian-Laws.py "HTTP/1.1 404 Not Found"
2026-03-05 09:38:39,331 - INFO - HTTP Request: GET https://huggingface.co/api/datasets/mratanusarkar/Indian-Laws/revision/46e97a9abe88585bb678ec041374c7f756f98c23 "HTTP/1.1 200 OK"
2026-03-05 09:38:39,757 - INFO - HTTP Request: HEAD https://huggingface.co/datasets/mratanusarkar/Indian-Laws/resolve/46e97a9abe88585bb678ec041374c7f756f98c23/.huggingface.yaml "HTTP/1.1 404 Not Found"
2026-03-05 09:38:40,140 - INFO - HTTP Request: GET https://datasets-server.huggingface.co/info?dataset=mratanusarkar/Indian-Laws "HTTP/1.1 200 OK"
2026-03-05 09:38:40,408 - INFO - HTTP Request: GET https://huggingface.co/api/datasets/mratanusarkar/Indian-Laws/tree/46e97a9abe88585bb678ec041374c7f756f98c23/data?recursive=true&expand=false "HTTP/1.1 200 OK"
2026-03-05 09:38:40,665 - INFO - HTTP Request: GET https://huggingface.co/api/datasets/mratanusarkar/Indian-Laws/tree/46e97a9abe88585bb678ec041374c7f756f98c23?recursive=false&expand=false "HTTP/1.1 200 OK"
2026-03-05 09:38:40,935 - INFO - HTTP Request: HEAD https://huggingface.co/datasets/mratanusarkar/Indian-Laws/resolve/46e97a9abe88585bb678ec041374c7f756f98c23/dataset_infos.json "HTTP/1.1 404 Not Found"
2026-03-05 09:38:43,016 - INFO -   Enriched 0 stub act files with real definitions.
2026-03-05 09:38:43,028 - INFO - === Downloading CBDT Circulars ===
2026-03-05 09:38:44,080 - WARNING -   ✗ HTTP 404 for https://www.pdicai.org/Circular_1_2024.pdf
2026-03-05 09:38:45,300 - WARNING -   ✗ HTTP 404 for https://www.pdicai.org/Circular_02_2024.pdf
2026-03-05 09:38:47,210 - WARNING -   ✗ HTTP 404 for https://www.incometax.gov.in/iec/foportal/sites/default/files/2024-04/Circular1-2024.pdf
2026-03-05 09:38:48,795 - WARNING -   ✗ HTTP 503 for https://www.incometaxindia.gov.in/communications/circular/circular07-2023.pdf
2026-03-05 09:38:50,236 - WARNING -   ✗ HTTP 404 for https://www.icmai.in/upload/Students/Circular-10-2023.pdf
2026-03-05 09:38:51,490 - WARNING -   ✗ HTTP 404 for https://www.pdicai.org/Circular_06_2023.pdf
2026-03-05 09:38:52,711 - WARNING -   ✗ HTTP 404 for https://www.pdicai.org/Circular_09_2023.pdf
2026-03-05 09:38:53,939 - WARNING -   ✗ HTTP 404 for https://www.pdicai.org/Circular_13_2023.pdf
2026-03-05 09:38:55,221 - WARNING -   ✗ HTTP 404 for https://www.pdicai.org/Circular_01_2022.pdf
2026-03-05 09:38:56,409 - WARNING -   ✗ HTTP 404 for https://www.pdicai.org/Circular_05_2022.pdf
2026-03-05 09:38:57,615 - WARNING -   ✗ HTTP 404 for https://www.pdicai.org/Circular_18_2022.pdf
2026-03-05 09:38:58,854 - WARNING -   ✗ HTTP 404 for https://www.pdicai.org/Circular_23_2022.pdf
2026-03-05 09:39:00,077 - WARNING -   ✗ HTTP 404 for https://www.pdicai.org/Circular_13_2021.pdf
2026-03-05 09:39:01,299 - WARNING -   ✗ HTTP 404 for https://www.pdicai.org/Circular_14_2021.pdf
2026-03-05 09:39:02,507 - WARNING -   ✗ HTTP 404 for https://www.pdicai.org/Circular_15_2021.pdf
2026-03-05 09:39:03,766 - WARNING -   ✗ HTTP 404 for https://www.pdicai.org/Circular_17_2021.pdf
2026-03-05 09:39:04,998 - WARNING -   ✗ HTTP 404 for https://www.pdicai.org/Circular_09_2020.pdf
2026-03-05 09:39:06,233 - WARNING -   ✗ HTTP 404 for https://www.pdicai.org/Circular_10_2020.pdf
2026-03-05 09:39:07,544 - WARNING -   ✗ HTTP 404 for https://www.pdicai.org/Circular_11_2020.pdf
2026-03-05 09:39:08,804 - WARNING -   ✗ HTTP 404 for https://www.pdicai.org/Circular_18_2020.pdf
2026-03-05 09:39:09,609 - INFO -   Few PDFs downloaded, saving high-quality text circulars as fallback...
2026-03-05 09:39:09,611 - INFO -   ✓ Generated circular: Circular_01_2024_TDS_Form15G.txt
2026-03-05 09:39:09,615 - INFO -   ✓ Generated circular: Circular_07_2023_119_2b_Condonation.txt
2026-03-05 09:39:09,619 - INFO -   ✓ Generated circular: Circular_06_2022_Safe_Harbour.txt
2026-03-05 09:39:09,624 - INFO -   ✓ Generated circular: Circular_10_2021_TDS_Rates.txt
2026-03-05 09:39:09,625 - INFO -   ✓ Generated circular: Circular_09_2020_COVID_Relief.txt
2026-03-05 09:39:09,629 - INFO -   Circulars directory now has 5 files.
2026-03-05 09:39:09,634 - INFO - === Downloading CBDT Notifications ===
2026-03-05 09:39:10,119 - WARNING -   ✗ HTTP 404 for https://www.pdicai.org/Notification_06_2024.pdf
2026-03-05 09:39:11,399 - WARNING -   ✗ HTTP 404 for https://www.pdicai.org/Notification_23_2023.pdf
2026-03-05 09:39:12,688 - WARNING -   ✗ HTTP 404 for https://www.pdicai.org/Notification_44_2023.pdf
2026-03-05 09:39:13,919 - WARNING -   ✗ HTTP 404 for https://www.pdicai.org/Notification_45_2023.pdf
2026-03-05 09:39:15,165 - WARNING -   ✗ HTTP 404 for https://www.pdicai.org/Notification_03_2022.pdf
2026-03-05 09:39:16,404 - WARNING -   ✗ HTTP 404 for https://www.pdicai.org/Notification_111_2022.pdf
2026-03-05 09:39:17,703 - WARNING -   ✗ HTTP 404 for https://www.pdicai.org/Notification_19_2021.pdf
2026-03-05 09:39:18,959 - WARNING -   ✗ HTTP 404 for https://www.pdicai.org/Notification_22_2021.pdf
2026-03-05 09:39:20,210 - WARNING -   ✗ HTTP 404 for https://www.pdicai.org/Notification_37_2020.pdf
2026-03-05 09:39:21,422 - WARNING -   ✗ HTTP 404 for https://www.pdicai.org/Notification_38_2020.pdf
2026-03-05 09:39:22,228 - INFO -   Few notification PDFs downloaded, generating high-quality text fallbacks...
2026-03-05 09:39:22,229 - INFO -   ✓ Generated notification: Notification_45_2023_CostInflationIndex.txt
2026-03-05 09:39:22,230 - INFO -   ✓ Generated notification: Notification_15_2024_PAN_Aadhaar.txt
2026-03-05 09:39:22,231 - INFO -   ✓ Generated notification: Notification_44_2023_ITR_Forms.txt
2026-03-05 09:39:22,232 - INFO -   ✓ Generated notification: Notification_37_2020_COVID_Extensions.txt
2026-03-05 09:39:22,233 - INFO -   ✓ Generated notification: Notification_111_2022_Rule_12AB.txt
2026-03-05 09:39:22,233 - INFO -   ✓ Generated notification: Notification_19_2021_Assessment_Scheme.txt
2026-03-05 09:39:22,234 - INFO -   ✓ Generated notification: Notification_03_2022_DTAA_UAE.txt
2026-03-05 09:39:22,235 - INFO -   Notifications directory now has 7 files.
2026-03-05 09:39:22,235 - INFO - 
============================================================
2026-03-05 09:39:22,235 - INFO - FINAL AUDIT OF data/raw/ DIRECTORY
2026-03-05 09:39:22,235 - INFO - ============================================================
2026-03-05 09:39:22,245 - INFO -   finance: 1 files  (0 stubs <200 bytes)
2026-03-05 09:39:22,249 - INFO -   finance\sec-edgar-filings\AAPL\10-K\0000320193-25-000079: 2 files  (0 stubs <200 bytes)
2026-03-05 09:39:22,250 - INFO -   finance\sec-edgar-filings\AMZN\10-K\0001018724-26-000004: 2 files  (0 stubs <200 bytes)
2026-03-05 09:39:22,254 - INFO -   finance\sec-edgar-filings\BRK-B\10-K\0001193125-26-083899: 2 files  (0 stubs <200 bytes)
2026-03-05 09:39:22,255 - INFO -   finance\sec-edgar-filings\GOOGL\10-K\0001652044-26-000018: 2 files  (0 stubs <200 bytes)
2026-03-05 09:39:22,256 - INFO -   finance\sec-edgar-filings\JPM\10-K\0001628280-26-008131: 2 files  (0 stubs <200 bytes)
2026-03-05 09:39:22,257 - INFO -   finance\sec-edgar-filings\META\10-K\0001628280-26-003942: 2 files  (0 stubs <200 bytes)
2026-03-05 09:39:22,259 - INFO -   finance\sec-edgar-filings\MSFT\10-K\0000950170-25-100235: 2 files  (0 stubs <200 bytes)
2026-03-05 09:39:22,260 - INFO -   finance\sec-edgar-filings\NVDA\10-K\0001045810-26-000021: 2 files  (0 stubs <200 bytes)
2026-03-05 09:39:22,261 - INFO -   finance\sec-edgar-filings\TSLA\10-K\0001628280-26-003952: 2 files  (0 stubs <200 bytes)
2026-03-05 09:39:22,263 - INFO -   finance\sec-edgar-filings\V\10-K\0001403161-25-000089: 2 files  (0 stubs <200 bytes)
2026-03-05 09:39:22,268 - INFO -   legal: 101 files  (11 stubs <200 bytes)
2026-03-05 09:39:22,276 - INFO -   tax: 1 files  (0 stubs <200 bytes)
2026-03-05 09:39:22,285 - INFO -   tax\acts: 67 files  (67 stubs <200 bytes)
2026-03-05 09:39:22,289 - INFO -   tax\circulars: 5 files  (0 stubs <200 bytes)
2026-03-05 09:39:22,289 - INFO -   tax\irs_pubs: 5 files  (0 stubs <200 bytes)
2026-03-05 09:39:22,291 - INFO -   tax\notifications: 7 files  (0 stubs <200 bytes)
2026-03-05 09:39:22,293 - INFO - 
TOTAL DOCUMENTS: 207
2026-03-05 09:39:22,293 - INFO - 
✅ Done! 207 total documents now in data/raw/
2026-03-05 09:39:22,294 - INFO - Run: python scripts/ingest.py --clear  to re-ingest everything into ChromaDB.
