2026-03-05 09:52:00,011 - INFO - Starting comprehensive Indian Kanoon download...
2026-03-05 09:52:00,035 - INFO - Found 64 stub act files to enrich from Indian Kanoon.
2026-03-05 09:52:00,047 - INFO -   Searching Indian Kanoon for: Additional Duties of Excise Textiles and Textile Articles Ac
2026-03-05 09:52:03,528 - WARNING -     No results found for: Additional Duties of Excise Textiles and Textile Articles Ac
2026-03-05 09:52:05,032 - INFO -   Searching Indian Kanoon for: Additional Duties of Excise Textiles and Textile Articles Act 1978
2026-03-05 09:52:09,060 - WARNING -     No results found for: Additional Duties of Excise Textiles and Textile Articles Act 1978
2026-03-05 09:52:10,563 - INFO -   Searching Indian Kanoon for: Agricultural and Processed Food Products Export Cess Act 198
2026-03-05 09:52:13,983 - WARNING -     No results found for: Agricultural and Processed Food Products Export Cess Act 198
2026-03-05 09:52:15,492 - INFO -   Searching Indian Kanoon for: Agricultural and Processed Food Products Export Cess Act 1985
2026-03-05 09:52:19,436 - WARNING -     No results found for: Agricultural and Processed Food Products Export Cess Act 1985
2026-03-05 09:52:20,939 - INFO -   Searching Indian Kanoon for: Agricultural and Processed Food Products Export Development
2026-03-05 09:52:24,417 - WARNING -     No results found for: Agricultural and Processed Food Products Export Development
2026-03-05 09:52:25,931 - INFO -   Searching Indian Kanoon for: Bhopal Gas Leak Disaster Processing of Claims Act 1985
2026-03-05 09:52:29,297 - WARNING -     No results found for: Bhopal Gas Leak Disaster Processing of Claims Act 1985
2026-03-05 09:52:30,808 - INFO -   Searching Indian Kanoon for: Black Money Undisclosed Foreign Income and Assets and Imposi
2026-03-05 09:52:33,611 - WARNING -     No results found for: Black Money Undisclosed Foreign Income and Assets and Imposi
2026-03-05 09:52:35,111 - INFO -   Searching Indian Kanoon for: Building and Other Construction Workers Welfare Cess Act 199
2026-03-05 09:52:39,160 - WARNING -     No results found for: Building and Other Construction Workers Welfare Cess Act 199
2026-03-05 09:52:40,661 - INFO -   Searching Indian Kanoon for: Central Boards of Revenue Act 1963
2026-03-05 09:52:47,094 - WARNING -     No results found for: Central Boards of Revenue Act 1963
2026-03-05 09:52:48,602 - INFO -   Searching Indian Kanoon for: Central Board of Direct Taxes Validation of Proceedings Act
2026-03-05 09:52:59,987 - WARNING -     No results found for: Central Board of Direct Taxes Validation of Proceedings Act
2026-03-05 09:53:01,569 - INFO -   Searching Indian Kanoon for: Central Board of Direct Taxes Validation of Proceedings Act 1971
2026-03-05 09:53:07,349 - WARNING -     No results found for: Central Board of Direct Taxes Validation of Proceedings Act 1971
2026-03-05 09:53:08,851 - INFO -   Searching Indian Kanoon for: Central Excises and Salt and Additional Duties of Excise Ame
2026-03-05 09:53:12,780 - WARNING -     No results found for: Central Excises and Salt and Additional Duties of Excise Ame
2026-03-05 09:53:14,305 - INFO -   Searching Indian Kanoon for: Central Excises and Salt and Additional Duties of Excise Amendement Act 1980
2026-03-05 09:53:18,354 - WARNING -     No results found for: Central Excises and Salt and Additional Duties of Excise Amendement Act 1980
2026-03-05 09:53:19,860 - INFO -   Searching Indian Kanoon for: Central Excise Act 1944
2026-03-05 09:53:23,217 - WARNING -     No results found for: Central Excise Act 1944
2026-03-05 09:53:24,778 - INFO -   Searching Indian Kanoon for: Central Goods and Services Tax Extension to Jammu and Kashmi
2026-03-05 09:53:27,720 - WARNING -     No results found for: Central Goods and Services Tax Extension to Jammu and Kashmi
2026-03-05 09:53:29,222 - INFO -   Searching Indian Kanoon for: Central Goods and Services Tax Extension to Jammu and Kashmir Act 2017
2026-03-05 09:53:33,445 - WARNING -     No results found for: Central Goods and Services Tax Extension to Jammu and Kashmir Act 2017
2026-03-05 09:53:34,946 - INFO -   Searching Indian Kanoon for: Central Sales Tax Amendment Act 1972
2026-03-05 09:53:39,764 - WARNING -     No results found for: Central Sales Tax Amendment Act 1972
2026-03-05 09:53:41,269 - INFO -   Searching Indian Kanoon for: Cess and Other Taxes on Minerals Validation Act 1992
2026-03-05 09:53:44,707 - WARNING -     No results found for: Cess and Other Taxes on Minerals Validation Act 1992
2026-03-05 09:53:46,208 - INFO -   Searching Indian Kanoon for: Customs and Central Excise Laws Repeal Act 2004
2026-03-05 09:53:50,548 - WARNING -     No results found for: Customs and Central Excise Laws Repeal Act 2004
2026-03-05 09:53:52,061 - INFO -   Searching Indian Kanoon for: Customs Tariff Amendment Act 1982
2026-03-05 09:53:55,573 - WARNING -     No results found for: Customs Tariff Amendment Act 1982
2026-03-05 09:53:57,074 - INFO -   Searching Indian Kanoon for: Delhi Municipal Corporation Validation of Electricity Tax Ac
2026-03-05 09:54:01,921 - WARNING -     No results found for: Delhi Municipal Corporation Validation of Electricity Tax Ac
2026-03-05 09:54:03,422 - INFO -   Searching Indian Kanoon for: Delhi Municipal Corporation Validation of Electricity Tax Act and Other Laws Rep
2026-03-05 09:54:08,587 - WARNING -     No results found for: Delhi Municipal Corporation Validation of Electricity Tax Act and Other Laws Rep
2026-03-05 09:54:10,091 - INFO -   Searching Indian Kanoon for: Direct Tax Vivad Se Vishwas Act 2020
2026-03-05 09:54:14,353 - WARNING -     No results found for: Direct Tax Vivad Se Vishwas Act 2020
2026-03-05 09:54:15,861 - INFO -   Searching Indian Kanoon for: ExpenditureTax Act 1987
2026-03-05 09:54:18,111 - WARNING -     No results found for: ExpenditureTax Act 1987
2026-03-05 09:54:19,614 - INFO -   Searching Indian Kanoon for: Finance Act 2009
2026-03-05 09:54:33,648 - WARNING -     No results found for: Finance Act 2009
2026-03-05 09:54:35,149 - INFO -   Searching Indian Kanoon for: Finance Commission Miscellaneous Provisions Act 1951
2026-03-05 09:54:39,803 - WARNING -     No results found for: Finance Commission Miscellaneous Provisions Act 1951
2026-03-05 09:54:41,307 - INFO -   Searching Indian Kanoon for: Foreign Aircraft Exemption from Taxes and Duties on Fuel and
2026-03-05 09:54:44,437 - WARNING -     No results found for: Foreign Aircraft Exemption from Taxes and Duties on Fuel and
2026-03-05 09:54:45,938 - INFO -   Searching Indian Kanoon for: Foreign Aircraft Exemption from Taxes and Duties on Fuel and Lubricants Act 2002
2026-03-05 09:54:49,816 - WARNING -     No results found for: Foreign Aircraft Exemption from Taxes and Duties on Fuel and Lubricants Act 2002
2026-03-05 09:54:51,317 - INFO -   Searching Indian Kanoon for: Goa Daman and Diu Mining Concessions Abolition and Declarati
2026-03-05 09:54:55,287 - WARNING -     No results found for: Goa Daman and Diu Mining Concessions Abolition and Declarati
2026-03-05 09:54:56,788 - INFO -   Searching Indian Kanoon for: Goods and Services Tax Compensation to States Act 2017
2026-03-05 09:55:02,833 - WARNING -     No results found for: Goods and Services Tax Compensation to States Act 2017
2026-03-05 09:55:04,342 - INFO -   Searching Indian Kanoon for: Goods and Services Tax Compensation to States Amendment Act
2026-03-05 09:55:11,050 - WARNING -     No results found for: Goods and Services Tax Compensation to States Amendment Act
2026-03-05 09:55:12,551 - INFO -   Searching Indian Kanoon for: Goods and Services Tax Compensation to States Amendment Act 2018
2026-03-05 09:55:18,596 - WARNING -     No results found for: Goods and Services Tax Compensation to States Amendment Act 2018
2026-03-05 09:55:20,098 - INFO -   Searching Indian Kanoon for: IncomeTax Act 1961
2026-03-05 09:55:44,619 - WARNING -     No results found for: IncomeTax Act 1961
2026-03-05 09:55:46,120 - INFO -   Searching Indian Kanoon for: Indian Carriage of Goods by Sea Act 1925
2026-03-05 09:55:50,778 - WARNING -     No results found for: Indian Carriage of Goods by Sea Act 1925
2026-03-05 09:55:52,279 - INFO -   Searching Indian Kanoon for: Industrial Finance Corporation Transfer of Undertaking and R
2026-03-05 09:55:57,740 - WARNING -     No results found for: Industrial Finance Corporation Transfer of Undertaking and R
2026-03-05 09:55:59,242 - INFO -   Searching Indian Kanoon for: Industrial Finance Corporation Transfer of Undertaking and Repeal Act 1993
2026-03-05 09:56:03,441 - WARNING -     No results found for: Industrial Finance Corporation Transfer of Undertaking and Repeal Act 1993
2026-03-05 09:56:04,942 - INFO -   Searching Indian Kanoon for: Integrated Goods and Services Tax Amendment Act 2018
2026-03-05 09:56:08,835 - WARNING -     No results found for: Integrated Goods and Services Tax Amendment Act 2018
2026-03-05 09:56:10,336 - INFO -   Searching Indian Kanoon for: Integrated Goods and Services Tax Extension to Jammu and Kas
2026-03-05 09:56:13,397 - WARNING -     No results found for: Integrated Goods and Services Tax Extension to Jammu and Kas
2026-03-05 09:56:14,899 - INFO -   Searching Indian Kanoon for: Integrated Goods and Services Tax Extension to Jammu and Kashmir Act 2017
2026-03-05 09:56:18,443 - WARNING -     No results found for: Integrated Goods and Services Tax Extension to Jammu and Kashmir Act 2017
2026-03-05 09:56:19,944 - INFO -   Searching Indian Kanoon for: International Finance Corporation Status Immunities and Priv
2026-03-05 09:56:23,524 - WARNING -     No results found for: International Finance Corporation Status Immunities and Priv
2026-03-05 09:56:25,025 - INFO -   Searching Indian Kanoon for: Manipur Sales of Motor Spirit and Lubricants Taxation Act 19
2026-03-05 09:56:28,407 - WARNING -     No results found for: Manipur Sales of Motor Spirit and Lubricants Taxation Act 19
2026-03-05 09:56:29,916 - INFO -   Searching Indian Kanoon for: Opium and Revenue Laws Extension of Application Act 1950
2026-03-05 09:56:33,483 - WARNING -     No results found for: Opium and Revenue Laws Extension of Application Act 1950
2026-03-05 09:56:34,991 - INFO -   Searching Indian Kanoon for: Provisional Collection of Taxes Act 1931
2026-03-05 09:56:37,613 - WARNING -     No results found for: Provisional Collection of Taxes Act 1931
2026-03-05 09:56:39,114 - INFO -   Searching Indian Kanoon for: Research and Development Cess Act 1986
2026-03-05 09:56:41,974 - WARNING -     No results found for: Research and Development Cess Act 1986
2026-03-05 09:56:43,475 - INFO -   Searching Indian Kanoon for: Sales Promotion Employees Conditions of Service Act 1976
2026-03-05 09:56:46,752 - WARNING -     No results found for: Sales Promotion Employees Conditions of Service Act 1976
2026-03-05 09:56:48,254 - INFO -   Searching Indian Kanoon for: Sales Tax Laws Validation Act 1956
2026-03-05 09:56:49,037 - WARNING -   Search failed for '"Sales Tax Laws Validation Act 1956" site:indiankanoon.org': 429 Client Error: Too Many Requests for url: https://indiankanoon.org/search/?formInput=%22Sales+Tax+Laws+Validation+Act+1956%22+site%3Aindiankanoon.org&pagenum=0
2026-03-05 09:56:49,838 - WARNING -   Search failed for 'Sales Tax Laws Validation Act 1956': 429 Client Error: Too Many Requests for url: https://indiankanoon.org/search/?formInput=Sales+Tax+Laws+Validation+Act+1956&pagenum=0
2026-03-05 09:56:49,840 - WARNING -     No results found for: Sales Tax Laws Validation Act 1956
2026-03-05 09:56:51,340 - INFO -   Searching Indian Kanoon for: Salt Cess Act 1953
2026-03-05 09:56:52,136 - WARNING -   Search failed for '"Salt Cess Act 1953" site:indiankanoon.org': 429 Client Error: Too Many Requests for url: https://indiankanoon.org/search/?formInput=%22Salt+Cess+Act+1953%22+site%3Aindiankanoon.org&pagenum=0
2026-03-05 09:56:52,889 - WARNING -   Search failed for 'Salt Cess Act 1953': 429 Client Error: Too Many Requests for url: https://indiankanoon.org/search/?formInput=Salt+Cess+Act+1953&pagenum=0
2026-03-05 09:56:52,891 - WARNING -     No results found for: Salt Cess Act 1953
2026-03-05 09:56:54,392 - INFO -   Searching Indian Kanoon for: Specified Bank Notes Cessation of Liabilities Act 2017
2026-03-05 09:56:55,281 - WARNING -   Search failed for '"Specified Bank Notes Cessation of Liabilities Act 2017" site:indiankanoon.org': 429 Client Error: Too Many Requests for url: https://indiankanoon.org/search/?formInput=%22Specified+Bank+Notes+Cessation+of+Liabilities+Act+2017%22+site%3Aindiankanoon.org&pagenum=0
2026-03-05 09:56:56,065 - WARNING -   Search failed for 'Specified Bank Notes Cessation of Liabilities Act 2017': 429 Client Error: Too Many Requests for url: https://indiankanoon.org/search/?formInput=Specified+Bank+Notes+Cessation+of+Liabilities+Act+2017&pagenum=0
2026-03-05 09:56:56,069 - WARNING -     No results found for: Specified Bank Notes Cessation of Liabilities Act 2017
2026-03-05 09:56:57,570 - INFO -   Searching Indian Kanoon for: Sugar Cess Amendment Act 2015
2026-03-05 09:56:58,292 - WARNING -   Search failed for '"Sugar Cess Amendment Act 2015" site:indiankanoon.org': 429 Client Error: Too Many Requests for url: https://indiankanoon.org/search/?formInput=%22Sugar+Cess+Amendment+Act+2015%22+site%3Aindiankanoon.org&pagenum=0
2026-03-05 09:56:59,004 - WARNING -   Search failed for 'Sugar Cess Amendment Act 2015': 429 Client Error: Too Many Requests for url: https://indiankanoon.org/search/?formInput=Sugar+Cess+Amendment+Act+2015&pagenum=0
2026-03-05 09:56:59,006 - WARNING -     No results found for: Sugar Cess Amendment Act 2015
2026-03-05 09:57:00,507 - INFO -   Searching Indian Kanoon for: Taxation Laws Amendment Act 2016
2026-03-05 09:57:06,813 - WARNING -     No results found for: Taxation Laws Amendment Act 2016
2026-03-05 09:57:08,314 - INFO -   Searching Indian Kanoon for: Taxation Laws Amendment and Miscellaneous Provisions Act 196
2026-03-05 09:57:12,235 - WARNING -     No results found for: Taxation Laws Amendment and Miscellaneous Provisions Act 196
2026-03-05 09:57:13,736 - INFO -   Searching Indian Kanoon for: Taxation Laws Amendment and Miscellaneous Provisions Act 1965
2026-03-05 09:57:17,821 - WARNING -     No results found for: Taxation Laws Amendment and Miscellaneous Provisions Act 1965
2026-03-05 09:57:19,321 - INFO -   Searching Indian Kanoon for: Taxation Laws Continuation and Validation of Recovery Procee
2026-03-05 09:57:22,823 - WARNING -     No results found for: Taxation Laws Continuation and Validation of Recovery Procee
2026-03-05 09:57:24,323 - INFO -   Searching Indian Kanoon for: Taxation Laws Continuation and Validation of Recovery Proceedings Act 1964
2026-03-05 09:57:27,702 - WARNING -     No results found for: Taxation Laws Continuation and Validation of Recovery Proceedings Act 1964
2026-03-05 09:57:29,203 - INFO -   Searching Indian Kanoon for: Taxation Laws Extension to Jammu and Kashmir Act 1972
2026-03-05 09:57:31,496 - WARNING -   Search failed for 'Taxation Laws Extension to Jammu and Kashmir Act 1972': 429 Client Error: Too Many Requests for url: https://indiankanoon.org/search/?formInput=Taxation+Laws+Extension+to+Jammu+and+Kashmir+Act+1972&pagenum=0
2026-03-05 09:57:31,499 - WARNING -     No results found for: Taxation Laws Extension to Jammu and Kashmir Act 1972
2026-03-05 09:57:33,001 - INFO -   Searching Indian Kanoon for: Taxation Laws Second Amendment Act 2016
2026-03-05 09:57:39,052 - WARNING -     No results found for: Taxation Laws Second Amendment Act 2016
2026-03-05 09:57:40,553 - INFO -   Searching Indian Kanoon for: Terminal Tax on Railway Passengers Act 1956
2026-03-05 09:57:43,354 - WARNING -     No results found for: Terminal Tax on Railway Passengers Act 1956
2026-03-05 09:57:44,854 - INFO -   Searching Indian Kanoon for: Travancore-Cochin Vehicles Taxation Amendment and Validation Act 1959
2026-03-05 09:57:48,426 - WARNING -     No results found for: Travancore-Cochin Vehicles Taxation Amendment and Validation Act 1959
2026-03-05 09:57:49,927 - INFO -   Searching Indian Kanoon for: TravancoreCochin Vehicles Taxation Amendment and Validation
2026-03-05 09:57:52,603 - WARNING -     No results found for: TravancoreCochin Vehicles Taxation Amendment and Validation
2026-03-05 09:57:54,104 - INFO -   Searching Indian Kanoon for: Union Duties of Excise Distribution Act 1979
2026-03-05 09:58:00,313 - WARNING -     No results found for: Union Duties of Excise Distribution Act 1979
2026-03-05 09:58:01,814 - INFO -   Searching Indian Kanoon for: Union Territory Goods and Services Tax Amendment Act 2018
2026-03-05 09:58:07,589 - WARNING -     No results found for: Union Territory Goods and Services Tax Amendment Act 2018
2026-03-05 09:58:09,090 - INFO -   Searching Indian Kanoon for: Voluntary Surrender of Salaries Exemption from Taxation Act
2026-03-05 09:58:13,828 - WARNING -     No results found for: Voluntary Surrender of Salaries Exemption from Taxation Act
2026-03-05 09:58:15,328 - INFO -   Searching Indian Kanoon for: Voluntary Surrender of Salaries Exemption from Taxation Act 1961
2026-03-05 09:58:20,026 - WARNING -     No results found for: Voluntary Surrender of Salaries Exemption from Taxation Act 1961
2026-03-05 09:58:21,537 - INFO -   Searching Indian Kanoon for: WealthTax Act 1957
2026-03-05 09:58:26,389 - WARNING -     No results found for: WealthTax Act 1957
2026-03-05 09:58:27,889 - INFO -   Enriched 0/64 stub acts.
2026-03-05 09:58:27,901 - INFO - === Downloading/enriching CBDT Circulars from Indian Kanoon ===
2026-03-05 09:58:27,901 - INFO -   Searching: CBDT Circular 1 2024 income tax
2026-03-05 09:58:32,379 - WARNING -     No results for: CBDT Circular 1 2024 income tax
2026-03-05 09:58:33,880 - INFO -   Searching: CBDT Circular 2 2024 income tax
2026-03-05 09:58:38,019 - WARNING -     No results for: CBDT Circular 2 2024 income tax
2026-03-05 09:58:39,526 - INFO -   Searching: CBDT Circular 3 2024 income tax
2026-03-05 09:58:44,421 - WARNING -     No results for: CBDT Circular 3 2024 income tax
2026-03-05 09:58:45,923 - INFO -   Searching: CBDT Circular 4 2024 income tax TDS
2026-03-05 09:58:48,949 - WARNING -     No results for: CBDT Circular 4 2024 income tax TDS
2026-03-05 09:58:50,456 - INFO -   Searching: CBDT Circular 5 2024 income tax
2026-03-05 09:58:54,320 - WARNING -     No results for: CBDT Circular 5 2024 income tax
2026-03-05 09:58:55,824 - INFO -   Searching: CBDT Circular 1 2023 income tax
2026-03-05 09:59:00,161 - WARNING -     No results for: CBDT Circular 1 2023 income tax
2026-03-05 09:59:01,662 - INFO -   Searching: CBDT Circular 3 2023 income tax
2026-03-05 09:59:05,316 - WARNING -     No results for: CBDT Circular 3 2023 income tax
2026-03-05 09:59:06,821 - INFO -   Searching: CBDT Circular 5 2023 income tax
2026-03-05 09:59:10,288 - WARNING -     No results for: CBDT Circular 5 2023 income tax
2026-03-05 09:59:11,790 - INFO -   Searching: CBDT Circular 7 2023 condonation delay refund
2026-03-05 09:59:13,561 - WARNING -     No results for: CBDT Circular 7 2023 condonation delay refund
2026-03-05 09:59:15,062 - INFO -   Searching: CBDT Circular 10 2023 charitable trust registration
2026-03-05 09:59:17,068 - WARNING -     No results for: CBDT Circular 10 2023 charitable trust registration
2026-03-05 09:59:18,569 - INFO -   Searching: CBDT Circular 12 2023 income tax
2026-03-05 09:59:21,796 - WARNING -     No results for: CBDT Circular 12 2023 income tax
2026-03-05 09:59:23,297 - INFO -   Searching: CBDT Circular 1 2022 income tax
2026-03-05 09:59:27,037 - WARNING -     No results for: CBDT Circular 1 2022 income tax
2026-03-05 09:59:28,538 - INFO -   Searching: CBDT Circular 6 2022 safe harbour rules
2026-03-05 09:59:30,329 - WARNING -     No results for: CBDT Circular 6 2022 safe harbour rules
2026-03-05 09:59:31,830 - INFO -   Searching: CBDT Circular 18 2022 TDS
2026-03-05 09:59:34,381 - WARNING -     No results for: CBDT Circular 18 2022 TDS
2026-03-05 09:59:35,881 - INFO -   Searching: CBDT Circular 5 2021 TDS 194Q
2026-03-05 09:59:37,560 - WARNING -     No results for: CBDT Circular 5 2021 TDS 194Q
2026-03-05 09:59:39,062 - INFO -   Searching: CBDT Circular 10 2021 TDS clarification
2026-03-05 09:59:41,461 - WARNING -     No results for: CBDT Circular 10 2021 TDS clarification
2026-03-05 09:59:42,962 - INFO -   Searching: CBDT Circular 13 2021 income tax
2026-03-05 09:59:46,236 - WARNING -     No results for: CBDT Circular 13 2021 income tax
2026-03-05 09:59:47,737 - INFO -   Searching: CBDT Circular 9 2020 COVID relief income tax
2026-03-05 09:59:49,733 - WARNING -     No results for: CBDT Circular 9 2020 COVID relief income tax
2026-03-05 09:59:51,234 - INFO -   Searching: CBDT Circular 10 2020 COVID extension
2026-03-05 09:59:53,535 - WARNING -     No results for: CBDT Circular 10 2020 COVID extension
2026-03-05 09:59:55,038 - INFO -   Searching: CBDT Circular 11 2020 income tax
2026-03-05 09:59:59,069 - WARNING -     No results for: CBDT Circular 11 2020 income tax
2026-03-05 10:00:00,571 - INFO -   Circulars directory now has 5 files
2026-03-05 10:00:00,571 - INFO - === Downloading/enriching CBDT Notifications from Indian Kanoon ===
2026-03-05 10:00:00,572 - INFO -   Searching: CBDT Notification Cost Inflation Index 2024
2026-03-05 10:00:02,224 - WARNING -     No results for: CBDT Notification Cost Inflation Index 2024
2026-03-05 10:00:03,728 - INFO -   Searching: CBDT Notification PAN Aadhaar linking 2024
2026-03-05 10:00:05,855 - WARNING -     No results for: CBDT Notification PAN Aadhaar linking 2024
2026-03-05 10:00:07,356 - INFO -   Searching: CBDT Notification income tax returns ITR forms 2024
2026-03-05 10:00:09,676 - WARNING -     No results for: CBDT Notification income tax returns ITR forms 2024
2026-03-05 10:00:11,177 - INFO -   Searching: CBDT Notification Cost Inflation Index 2023
2026-03-05 10:00:12,899 - WARNING -     No results for: CBDT Notification Cost Inflation Index 2023
2026-03-05 10:00:14,399 - INFO -   Searching: CBDT Notification 44 2023 ITR income tax forms
2026-03-05 10:00:16,718 - WARNING -     No results for: CBDT Notification 44 2023 ITR income tax forms
2026-03-05 10:00:18,219 - INFO -   Searching: CBDT Notification income tax 2023 faceless assessment
2026-03-05 10:00:20,943 - WARNING -     No results for: CBDT Notification income tax 2023 faceless assessment
2026-03-05 10:00:22,449 - INFO -   Searching: CBDT Notification DTAA double tax avoidance 2022
2026-03-05 10:00:24,450 - WARNING -     No results for: CBDT Notification DTAA double tax avoidance 2022
2026-03-05 10:00:25,972 - INFO -   Searching: CBDT Notification 111 2022 mandatory return filing
2026-03-05 10:00:28,474 - WARNING -     No results for: CBDT Notification 111 2022 mandatory return filing
2026-03-05 10:00:29,976 - INFO -   Searching: CBDT Notification income tax 2022 e-filing
2026-03-05 10:00:33,232 - WARNING -     No results for: CBDT Notification income tax 2022 e-filing
2026-03-05 10:00:34,744 - INFO -   Searching: CBDT Notification Faceless Assessment Scheme 2021
2026-03-05 10:00:38,210 - WARNING -     No results for: CBDT Notification Faceless Assessment Scheme 2021
2026-03-05 10:00:39,719 - INFO -   Searching: CBDT Notification 19 2021 faceless assessment income tax
2026-03-05 10:00:42,878 - WARNING -     No results for: CBDT Notification 19 2021 faceless assessment income tax
2026-03-05 10:00:44,402 - INFO -   Searching: CBDT Notification 22 2021 income tax rules
2026-03-05 10:00:50,779 - WARNING -     No results for: CBDT Notification 22 2021 income tax rules
2026-03-05 10:00:52,285 - INFO -   Searching: CBDT Notification COVID relief income tax 2020
2026-03-05 10:00:56,350 - WARNING -     No results for: CBDT Notification COVID relief income tax 2020
2026-03-05 10:00:57,851 - INFO -   Searching: CBDT Notification 37 2020 income tax extension deadline
2026-03-05 10:01:01,100 - WARNING -     No results for: CBDT Notification 37 2020 income tax extension deadline
2026-03-05 10:01:02,602 - INFO -   Searching: CBDT Notification 38 2020 income tax
2026-03-05 10:01:06,143 - WARNING -     No results for: CBDT Notification 38 2020 income tax
2026-03-05 10:01:07,646 - INFO -   Notifications directory now has 7 files
2026-03-05 10:01:07,647 - INFO - 
============================================================
2026-03-05 10:01:07,649 - INFO - FINAL AUDIT
2026-03-05 10:01:07,649 - INFO - ============================================================
2026-03-05 10:01:07,663 - INFO -   finance: 1 files (1 substantive ≥300B)
2026-03-05 10:01:07,667 - INFO -   finance\sec-edgar-filings\AAPL\10-K\0000320193-25-000079: 2 files (2 substantive ≥300B)
2026-03-05 10:01:07,669 - INFO -   finance\sec-edgar-filings\AMZN\10-K\0001018724-26-000004: 2 files (2 substantive ≥300B)
2026-03-05 10:01:07,672 - INFO -   finance\sec-edgar-filings\BRK-B\10-K\0001193125-26-083899: 2 files (2 substantive ≥300B)
2026-03-05 10:01:07,676 - INFO -   finance\sec-edgar-filings\GOOGL\10-K\0001652044-26-000018: 2 files (2 substantive ≥300B)
2026-03-05 10:01:07,678 - INFO -   finance\sec-edgar-filings\JPM\10-K\0001628280-26-008131: 2 files (2 substantive ≥300B)
2026-03-05 10:01:07,679 - INFO -   finance\sec-edgar-filings\META\10-K\0001628280-26-003942: 2 files (2 substantive ≥300B)
2026-03-05 10:01:07,683 - INFO -   finance\sec-edgar-filings\MSFT\10-K\0000950170-25-100235: 2 files (2 substantive ≥300B)
2026-03-05 10:01:07,685 - INFO -   finance\sec-edgar-filings\NVDA\10-K\0001045810-26-000021: 2 files (2 substantive ≥300B)
2026-03-05 10:01:07,689 - INFO -   finance\sec-edgar-filings\TSLA\10-K\0001628280-26-003952: 2 files (2 substantive ≥300B)
2026-03-05 10:01:07,691 - INFO -   finance\sec-edgar-filings\V\10-K\0001403161-25-000089: 2 files (2 substantive ≥300B)
2026-03-05 10:01:07,716 - INFO -   legal: 101 files (81 substantive ≥300B)
2026-03-05 10:01:07,721 - INFO -   tax: 1 files (1 substantive ≥300B)
2026-03-05 10:01:07,727 - INFO -   tax\acts: 96 files (32 substantive ≥300B)
2026-03-05 10:01:07,734 - INFO -   tax\circulars: 5 files (5 substantive ≥300B)
2026-03-05 10:01:07,743 - INFO -   tax\irs_pubs: 5 files (5 substantive ≥300B)
2026-03-05 10:01:07,746 - INFO -   tax\notifications: 7 files (7 substantive ≥300B)
2026-03-05 10:01:07,748 - INFO - 
TOTAL: 236 documents in data/raw/
2026-03-05 10:01:07,752 - INFO - ✅ All done!
